# JRE version: Java(TM) SE Runtime Environment (8.0_191-b12) (build 1.8.0_191-b12)
# Java VM: Java HotSpot(TM) 64-Bit Server VM (25.191-b12 mixed mode windows-amd64 compressed oops)
Heap:
 PSYoungGen      total 140800K, used 22820K [0x000000076bd80000, 0x000000077c400000, 0x00000007c0000000)
  eden space 130048K, 9% used [0x000000076bd80000,0x000000076c94bd10,0x0000000773c80000)
  from space 10752K, 99% used [0x0000000773c80000,0x00000007746fd618,0x0000000774700000)
  to   space 13312K, 4% used [0x000000077b700000,0x000000077b7b0000,0x000000077c400000)
 ParOldGen       total 77824K, used 5637K [0x00000006c3800000, 0x00000006c8400000, 0x000000076bd80000)
  object space 77824K, 7% used [0x00000006c3800000,0x00000006c3d81658,0x00000006c8400000)
 Metaspace       used 28636K, capacity 30456K, committed 30588K, reserved 1079296K
  class space    used 3738K, capacity 4100K, committed 4220K, reserved 1048576K
GC Heap History (10 events):
Event: 2.580 GC heap before
{Heap before GC invocations=2 (full 0):
 PSYoungGen      total 75776K, used 73075K [0x000000076bd80000, 0x0000000771200000, 0x00000007c0000000)
  eden space 65024K, 100% used [0x000000076bd80000,0x000000076fd00000,0x000000076fd00000)
  from space 10752K, 74% used [0x000000076fd00000,0x00000007704dcf00,0x0000000770780000)
  to   space 10752K, 0% used [0x0000000770780000,0x0000000770780000,0x0000000771200000)
 ParOldGen       total 173568K, used 24K [0x00000006c3800000, 0x00000006ce180000, 0x000000076bd80000)
  object space 173568K, 0% used [0x00000006c3800000,0x00000006c3806000,0x00000006ce180000)
 Metaspace       used 19574K, capacity 20890K, committed 20992K, reserved 1067008K
  class space    used 2509K, capacity 2771K, committed 2816K, reserved 1048576K
Event: 2.588 GC heap after
Heap after GC invocations=2 (full 0):
 PSYoungGen      total 75776K, used 9886K [0x000000076bd80000, 0x0000000771200000, 0x00000007c0000000)
  eden space 65024K, 0% used [0x000000076bd80000,0x000000076bd80000,0x000000076fd00000)
  from space 10752K, 91% used [0x0000000770780000,0x0000000771127ac8,0x0000000771200000)
  to   space 10752K, 0% used [0x000000076fd00000,0x000000076fd00000,0x0000000770780000)
 ParOldGen       total 173568K, used 32K [0x00000006c3800000, 0x00000006ce180000, 0x000000076bd80000)
  object space 173568K, 0% used [0x00000006c3800000,0x00000006c3808000,0x00000006ce180000)
 Metaspace       used 19574K, capacity 20890K, committed 20992K, reserved 1067008K
  class space    used 2509K, capacity 2771K, committed 2816K, reserved 1048576K
}
Event: 2.644 GC heap before
{Heap before GC invocations=3 (full 0):
 PSYoungGen      total 75776K, used 16474K [0x000000076bd80000, 0x0000000771200000, 0x00000007c0000000)
  eden space 65024K, 10% used [0x000000076bd80000,0x000000076c3ef0c0,0x000000076fd00000)
  from space 10752K, 91% used [0x0000000770780000,0x0000000771127ac8,0x0000000771200000)
  to   space 10752K, 0% used [0x000000076fd00000,0x000000076fd00000,0x0000000770780000)
 ParOldGen       total 173568K, used 32K [0x00000006c3800000, 0x00000006ce180000, 0x000000076bd80000)
  object space 173568K, 0% used [0x00000006c3800000,0x00000006c3808000,0x00000006ce180000)
 Metaspace       used 19963K, capacity 21282K, committed 21552K, reserved 1069056K
  class space    used 2577K, capacity 2837K, committed 2864K, reserved 1048576K
Event: 2.651 GC heap after
Heap after GC invocations=3 (full 0):
 PSYoungGen      total 75776K, used 5169K [0x000000076bd80000, 0x0000000775180000, 0x00000007c0000000)
  eden space 65024K, 0% used [0x000000076bd80000,0x000000076bd80000,0x000000076fd00000)
  from space 10752K, 48% used [0x000000076fd00000,0x000000077020c630,0x0000000770780000)
  to   space 10752K, 0% used [0x0000000774700000,0x0000000774700000,0x0000000775180000)
 ParOldGen       total 173568K, used 40K [0x00000006c3800000, 0x00000006ce180000, 0x000000076bd80000)
  object space 173568K, 0% used [0x00000006c3800000,0x00000006c380a000,0x00000006ce180000)
 Metaspace       used 19963K, capacity 21282K, committed 21552K, reserved 1069056K
  class space    used 2577K, capacity 2837K, committed 2864K, reserved 1048576K
}
Event: 2.676 GC heap before
{Heap before GC invocations=4 (full 0):
 PSYoungGen      total 75776K, used 8286K [0x000000076bd80000, 0x0000000775180000, 0x00000007c0000000)
  eden space 65024K, 4% used [0x000000076bd80000,0x000000076c08b418,0x000000076fd00000)
  from space 10752K, 48% used [0x000000076fd00000,0x000000077020c630,0x0000000770780000)
  to   space 10752K, 0% used [0x0000000774700000,0x0000000774700000,0x0000000775180000)
 ParOldGen       total 173568K, used 40K [0x00000006c3800000, 0x00000006ce180000, 0x000000076bd80000)
  object space 173568K, 0% used [0x00000006c3800000,0x00000006c380a000,0x00000006ce180000)
 Metaspace       used 20195K, capacity 21490K, committed 21628K, reserved 1069056K
  class space    used 2612K, capacity 2879K, committed 2940K, reserved 1048576K
Event: 2.685 GC heap after
Heap after GC invocations=4 (full 0):
 PSYoungGen      total 140800K, used 5147K [0x000000076bd80000, 0x0000000775180000, 0x00000007c0000000)
  eden space 130048K, 0% used [0x000000076bd80000,0x000000076bd80000,0x0000000773c80000)
  from space 10752K, 47% used [0x0000000774700000,0x0000000774c06db8,0x0000000775180000)
  to   space 10752K, 0% used [0x0000000773c80000,0x0000000773c80000,0x0000000774700000)
 ParOldGen       total 173568K, used 40K [0x00000006c3800000, 0x00000006ce180000, 0x000000076bd80000)
  object space 173568K, 0% used [0x00000006c3800000,0x00000006c380a000,0x00000006ce180000)
 Metaspace       used 20195K, capacity 21490K, committed 21628K, reserved 1069056K
  class space    used 2612K, capacity 2879K, committed 2940K, reserved 1048576K
}
Event: 2.685 GC heap before
{Heap before GC invocations=5 (full 1):
 PSYoungGen      total 140800K, used 5147K [0x000000076bd80000, 0x0000000775180000, 0x00000007c0000000)
  eden space 130048K, 0% used [0x000000076bd80000,0x000000076bd80000,0x0000000773c80000)
  from space 10752K, 47% used [0x0000000774700000,0x0000000774c06db8,0x0000000775180000)
  to   space 10752K, 0% used [0x0000000773c80000,0x0000000773c80000,0x0000000774700000)
 ParOldGen       total 173568K, used 40K [0x00000006c3800000, 0x00000006ce180000, 0x000000076bd80000)
  object space 173568K, 0% used [0x00000006c3800000,0x00000006c380a000,0x00000006ce180000)
 Metaspace       used 20195K, capacity 21490K, committed 21628K, reserved 1069056K
  class space    used 2612K, capacity 2879K, committed 2940K, reserved 1048576K
Event: 2.715 GC heap after
Heap after GC invocations=5 (full 1):
 PSYoungGen      total 140800K, used 0K [0x000000076bd80000, 0x0000000775180000, 0x00000007c0000000)
  eden space 130048K, 0% used [0x000000076bd80000,0x000000076bd80000,0x0000000773c80000)
  from space 10752K, 0% used [0x0000000774700000,0x0000000774700000,0x0000000775180000)
  to   space 10752K, 0% used [0x0000000773c80000,0x0000000773c80000,0x0000000774700000)
 ParOldGen       total 77824K, used 5018K [0x00000006c3800000, 0x00000006c8400000, 0x000000076bd80000)
  object space 77824K, 6% used [0x00000006c3800000,0x00000006c3ce6a00,0x00000006c8400000)
 Metaspace       used 20195K, capacity 21490K, committed 21628K, reserved 1069056K
  class space    used 2612K, capacity 2879K, committed 2940K, reserved 1048576K
}
Event: 4.375 GC heap before
{Heap before GC invocations=6 (full 1):
 PSYoungGen      total 140800K, used 130048K [0x000000076bd80000, 0x0000000775180000, 0x00000007c0000000)
  eden space 130048K, 100% used [0x000000076bd80000,0x0000000773c80000,0x0000000773c80000)
  from space 10752K, 0% used [0x0000000774700000,0x0000000774700000,0x0000000775180000)
  to   space 10752K, 0% used [0x0000000773c80000,0x0000000773c80000,0x0000000774700000)
 ParOldGen       total 77824K, used 5018K [0x00000006c3800000, 0x00000006c8400000, 0x000000076bd80000)
  object space 77824K, 6% used [0x00000006c3800000,0x00000006c3ce6a00,0x00000006c8400000)
 Metaspace       used 27711K, capacity 29454K, committed 29692K, reserved 1075200K
  class space    used 3646K, capacity 3989K, committed 4092K, reserved 1048576K
Event: 4.384 GC heap after
Heap after GC invocations=6 (full 1):
 PSYoungGen      total 140800K, used 10741K [0x000000076bd80000, 0x000000077c400000, 0x00000007c0000000)
  eden space 130048K, 0% used [0x000000076bd80000,0x000000076bd80000,0x0000000773c80000)
  from space 10752K, 99% used [0x0000000773c80000,0x00000007746fd618,0x0000000774700000)
  to   space 13312K, 0% used [0x000000077b700000,0x000000077b700000,0x000000077c400000)
 ParOldGen       total 77824K, used 5637K [0x00000006c3800000, 0x00000006c8400000, 0x000000076bd80000)
  object space 77824K, 7% used [0x00000006c3800000,0x00000006c3d81658,0x00000006c8400000)
 Metaspace       used 27711K, capacity 29454K, committed 29692K, reserved 1075200K
  class space    used 3646K, capacity 3989K, committed 4092K, reserved 1048576K
}

